<?xml version="1.0" encoding="UTF-8"?>
<testsuite xmlns:xsi="http://www.w3.org/2001/XMLSchema-instance" xsi:noNamespaceSchemaLocation="https://maven.apache.org/surefire/maven-surefire-plugin/xsd/surefire-test-report.xsd" version="3.0.1" name="com.nit.main.AppTest" time="0.067" tests="4" errors="0" skipped="0" failures="0">
  <properties>
[...]
</properties>
  <testcase name="testwithMixedValues" classname="com.nit.main.AppTest" time="0.024"/>
  <testcase name="testWithZeroValue" classname="com.nit.main.AppTest" time="0.001"/>
  <testcase name="testWithNegative" classname="com.nit.main.AppTest" time="0.002"/>
  <testcase name="testsumwithpositive" classname="com.nit.main.AppTest" time="0.002"/>
</testsuite>